<?xml version="1.0" encoding="UTF-8"?>
<testsuite xmlns:xsi="http://www.w3.org/2001/XMLSchema-instance" xsi:noNamespaceSchemaLocation="https://maven.apache.org/surefire/maven-surefire-plugin/xsd/surefire-test-report-3.0.xsd" version="3.0" name="org.example.calculator.CalculatorServiceTest" time="1.846" tests="25" errors="0" skipped="0" failures="0">
  <properties>
[...]
</properties>
  <testcase name="testReadFileNotFound" classname="org.example.calculator.CalculatorServiceTest" time="0.01"/>
  <testcase name="testInsecureRandomPin" classname="org.example.calculator.CalculatorServiceTest" time="0.004"/>
  <testcase name="testAdd" classname="org.example.calculator.CalculatorServiceTest" time="0.002"/>
  <testcase name="testGetAllEmployeesWithMockedDb" classname="org.example.calculator.CalculatorServiceTest" time="0.598"/>
  <testcase name="testSubtract" classname="org.example.calculator.CalculatorServiceTest" time="0.002"/>
  <testcase name="testEncryptWithDES" classname="org.example.calculator.CalculatorServiceTest" time="0.035"/>
  <testcase name="testUnsafeSqlThrowsException" classname="org.example.calculator.CalculatorServiceTest" time="0.205"/>
  <testcase name="testSensitiveException" classname="org.example.calculator.CalculatorServiceTest" time="0.001"/>
  <testcase name="testGetDbPassword" classname="org.example.calculator.CalculatorServiceTest" time="0.001"/>
  <testcase name="testUnsafeSqlWithMockedDriver" classname="org.example.calculator.CalculatorServiceTest" time="0.048"/>
  <testcase name="testUnsafeReflect" classname="org.example.calculator.CalculatorServiceTest" time="0.001"/>
  <testcase name="testInsecureHttpGetThrowsException" classname="org.example.calculator.CalculatorServiceTest" time="0.311"/>
  <testcase name="testDeprecatedThreadStop" classname="org.example.calculator.CalculatorServiceTest" time="0.004"/>
  <testcase name="testUnsafeXmlParse" classname="org.example.calculator.CalculatorServiceTest" time="0.175"/>
  <testcase name="testDivideByZeroThrows" classname="org.example.calculator.CalculatorServiceTest" time="0.001"/>
  <testcase name="testRunSystemCommand" classname="org.example.calculator.CalculatorServiceTest" time="0.18"/>
  <testcase name="testSwallowException" classname="org.example.calculator.CalculatorServiceTest" time="0"/>
  <testcase name="testInsecureHttpGetWithMockedClient" classname="org.example.calculator.CalculatorServiceTest" time="0.239"/>
  <testcase name="testGetAllEmployeesThrowsException" classname="org.example.calculator.CalculatorServiceTest" time="0.004"/>
  <testcase name="testBuildRedirectUrl" classname="org.example.calculator.CalculatorServiceTest" time="0"/>
  <testcase name="testDivide" classname="org.example.calculator.CalculatorServiceTest" time="0.001"/>
  <testcase name="testMultiply" classname="org.example.calculator.CalculatorServiceTest" time="0.001"/>
  <testcase name="testHashWithMd5" classname="org.example.calculator.CalculatorServiceTest" time="0.003"/>
  <testcase name="testUnsafeInvoke" classname="org.example.calculator.CalculatorServiceTest" time="0.001"/>
  <testcase name="testDeprecatedBase64Encode" classname="org.example.calculator.CalculatorServiceTest" time="0.002"/>
</testsuite>